2025-06-08 18:18:57,780 - __main__ - ERROR - Ошибка парсинга JSON: Expecting value: line 4 column 7 (char 103)
2025-06-08 18:18:57,780 - __main__ - ERROR - Критическая ошибка: Expecting value: line 4 column 7 (char 103)
2025-06-08 18:19:16,188 - __main__ - INFO - Конфигурация загружена из config.json
2025-06-08 18:19:16,243 - __main__ - INFO - Запуск Telegram бота...
2025-06-08 18:19:19,370 - httpx - INFO - HTTP Request: POST https://api.telegram.org/bot6258938483:AAHARWSR9dwc-jF3K4QNfTqNXf4NS-JRX0I/getMe "HTTP/1.1 200 OK"
2025-06-08 18:19:19,371 - __main__ - INFO - Бот подключен: @mephist_chat_bot
2025-06-08 18:19:19,372 - __main__ - INFO - Задача frequent_updates создана: interval в 12:00 для чата -1002858060547
2025-06-08 18:19:19,372 - __main__ - INFO - Настроено 1 задач
2025-06-08 18:19:19,372 - __main__ - INFO - Запуск планировщика задач...
2025-06-08 18:20:54,389 - __main__ - INFO - Конфигурация загружена из config.json
2025-06-08 18:20:54,425 - __main__ - INFO - Запуск Telegram бота...
2025-06-08 18:20:54,695 - httpx - INFO - HTTP Request: POST https://api.telegram.org/bot6258938483:AAHARWSR9dwc-jF3K4QNfTqNXf4NS-JRX0I/getMe "HTTP/1.1 200 OK"
2025-06-08 18:20:54,696 - __main__ - INFO - Бот подключен: @mephist_chat_bot
2025-06-08 18:20:54,696 - __main__ - INFO - Задача frequent_updates создана: interval в 12:00 для чата -1002858060547
2025-06-08 18:20:54,696 - __main__ - INFO - Настроено 1 задач
2025-06-08 18:20:54,696 - __main__ - INFO - Запуск планировщика задач...
2025-06-08 18:21:30,438 - __main__ - INFO - Конфигурация загружена из config.json
2025-06-08 18:21:30,468 - __main__ - INFO - Запуск Telegram бота...
2025-06-08 18:21:30,728 - httpx - INFO - HTTP Request: POST https://api.telegram.org/bot6258938483:AAHARWSR9dwc-jF3K4QNfTqNXf4NS-JRX0I/getMe "HTTP/1.1 200 OK"
2025-06-08 18:21:30,729 - __main__ - INFO - Бот подключен: @mephist_chat_bot
2025-06-08 18:21:30,773 - __main__ - INFO - Задача frequent_updates создана: interval в 18:22 для чата -1002858060547
2025-06-08 18:21:30,774 - __main__ - INFO - Настроено 1 задач
2025-06-08 18:21:30,774 - __main__ - INFO - Запуск планировщика задач...
2025-06-08 18:25:28,394 - __main__ - INFO - Конфигурация загружена из config.json
2025-06-08 18:25:28,432 - __main__ - INFO - Запуск Telegram бота...
2025-06-08 18:25:28,695 - httpx - INFO - HTTP Request: POST https://api.telegram.org/bot6258938483:AAHARWSR9dwc-jF3K4QNfTqNXf4NS-JRX0I/getMe "HTTP/1.1 200 OK"
2025-06-08 18:25:28,696 - __main__ - INFO - Бот подключен: @mephist_chat_bot
2025-06-08 18:25:28,750 - __main__ - INFO - Задача frequent_updates создана: interval в 18:26 для чата -1002858060547
2025-06-08 18:25:28,750 - __main__ - INFO - Настроено 1 задач
2025-06-08 18:25:28,750 - __main__ - INFO - Запуск планировщика задач...
2025-06-08 18:25:59,507 - httpx - INFO - HTTP Request: POST https://api.telegram.org/bot6258938483:AAHARWSR9dwc-jF3K4QNfTqNXf4NS-JRX0I/sendMessage "HTTP/1.1 200 OK"
2025-06-08 18:25:59,508 - __main__ - INFO - Сообщение отправлено в чат -1002858060547: 🔄 Автоматическое обновление статуса системы...
